D:\DEVELOPMENT\C\PROJECTS\OPENGL\IMAGEPROCESSING\IMAGEPROCESSING\DEBUG\BRIGHTNESSSHADER.OBJ
D:\development\c\projects\OpenGL\ImageProcessing\ImageProcessing\Debug\cl.command.1.tlog
D:\development\c\projects\OpenGL\ImageProcessing\ImageProcessing\Debug\CL.read.1.tlog
D:\development\c\projects\OpenGL\ImageProcessing\ImageProcessing\Debug\CL.write.1.tlog
D:\DEVELOPMENT\C\PROJECTS\OPENGL\IMAGEPROCESSING\IMAGEPROCESSING\DEBUG\EDGEDETECTIONSHADER.OBJ
D:\DEVELOPMENT\C\PROJECTS\OPENGL\IMAGEPROCESSING\IMAGEPROCESSING\DEBUG\EDGEDETECTIONSHADER20.OBJ
D:\DEVELOPMENT\C\PROJECTS\OPENGL\IMAGEPROCESSING\IMAGEPROCESSING\DEBUG\EDGEDETECTIONSHADER40.OBJ
D:\DEVELOPMENT\C\PROJECTS\OPENGL\IMAGEPROCESSING\IMAGEPROCESSING\DEBUG\ESCAPI.OBJ
D:\DEVELOPMENT\C\PROJECTS\OPENGL\IMAGEPROCESSING\IMAGEPROCESSING\DEBUG\IMAGEPROCESSING.EXE
D:\DEVELOPMENT\C\PROJECTS\OPENGL\IMAGEPROCESSING\IMAGEPROCESSING\DEBUG\IMAGEPROCESSING.EXE.INTERMEDIATE.MANIFEST
D:\DEVELOPMENT\C\PROJECTS\OPENGL\IMAGEPROCESSING\IMAGEPROCESSING\DEBUG\IMAGEPROCESSING.ILK
D:\DEVELOPMENT\C\PROJECTS\OPENGL\IMAGEPROCESSING\IMAGEPROCESSING\DEBUG\IMAGEPROCESSING.OBJ
D:\DEVELOPMENT\C\PROJECTS\OPENGL\IMAGEPROCESSING\IMAGEPROCESSING\DEBUG\IMAGEPROCESSING.PDB
D:\development\c\projects\OpenGL\ImageProcessing\ImageProcessing\Debug\ImageProcessing.vcxprojResolveAssemblyReference.cache
D:\development\c\projects\OpenGL\ImageProcessing\ImageProcessing\Debug\ImageProcessing.write.1.tlog
D:\development\c\projects\OpenGL\ImageProcessing\ImageProcessing\Debug\link.command.1.tlog
D:\development\c\projects\OpenGL\ImageProcessing\ImageProcessing\Debug\link.read.1.tlog
D:\development\c\projects\OpenGL\ImageProcessing\ImageProcessing\Debug\link.write.1.tlog
D:\development\c\projects\OpenGL\ImageProcessing\ImageProcessing\Debug\mt.command.1.tlog
D:\development\c\projects\OpenGL\ImageProcessing\ImageProcessing\Debug\mt.read.1.tlog
D:\development\c\projects\OpenGL\ImageProcessing\ImageProcessing\Debug\mt.write.1.tlog
D:\DEVELOPMENT\C\PROJECTS\OPENGL\IMAGEPROCESSING\IMAGEPROCESSING\DEBUG\SHADERPROGRAM.OBJ
D:\DEVELOPMENT\C\PROJECTS\OPENGL\IMAGEPROCESSING\IMAGEPROCESSING\DEBUG\SHAKESHADER.OBJ
D:\DEVELOPMENT\C\PROJECTS\OPENGL\IMAGEPROCESSING\IMAGEPROCESSING\DEBUG\SIMPLEMOTIONBLUR.OBJ
D:\DEVELOPMENT\C\PROJECTS\OPENGL\IMAGEPROCESSING\IMAGEPROCESSING\DEBUG\TESTIPSHADER.OBJ
D:\DEVELOPMENT\C\PROJECTS\OPENGL\IMAGEPROCESSING\IMAGEPROCESSING\DEBUG\TEXTFILE.OBJ
D:\development\c\projects\OpenGL\ImageProcessing\ImageProcessing\Debug\vc100.idb
D:\DEVELOPMENT\C\PROJECTS\OPENGL\IMAGEPROCESSING\IMAGEPROCESSING\DEBUG\VC100.PDB
