Build started 20/06/2012 19:47:11.
     1>Project "D:\development\c\projects\OpenGL\ImageProcessing\ImageProcessing\ImageProcessing.vcxproj" on node 2 (build target(s)).
     1>InitializeBuildStatus:
         Touching "Release\ImageProcessing.unsuccessfulbuild".
       ClCompile:
         All outputs are up-to-date.
       Link:
         C:\Program Files (x86)\Microsoft Visual Studio 10.0\VC\bin\link.exe /ERRORREPORT:PROMPT /OUT:"D:\development\c\projects\OpenGL\ImageProcessing\ImageProcessing\Release\ImageProcessing.exe" /NOLOGO glew32s.lib cv210d.lib cxcore210d.lib highgui210d.lib cv210d.lib cxcore210d.lib highgui210d.lib kernel32.lib user32.lib gdi32.lib winspool.lib comdlg32.lib advapi32.lib shell32.lib ole32.lib oleaut32.lib uuid.lib odbc32.lib odbccp32.lib /MANIFEST /ManifestFile:"Release\ImageProcessing.exe.intermediate.manifest" /MANIFESTUAC:"level='asInvoker' uiAccess='false'" /DEBUG /PDB:"D:\development\c\projects\OpenGL\ImageProcessing\ImageProcessing\Release\ImageProcessing.pdb" /OPT:REF /OPT:ICF /LTCG /TLBID:1 /DYNAMICBASE /NXCOMPAT /IMPLIB:"D:\development\c\projects\OpenGL\ImageProcessing\ImageProcessing\Release\ImageProcessing.lib" /MACHINE:X86 Release\escapi.obj
         Release\BarellShader.obj
         Release\EdgeDetectionShader40.obj
         Release\SimpleMotionBlur.obj
         Release\EdgeDetectionShader20.obj
         Release\BrightnessShader.obj
         Release\EdgeDetectionShader.obj
         Release\ShaderProgram.obj
         Release\ImageProcessing.obj
         Release\ShakeShader.obj
         Release\SineShader.obj
         Release\TestIPShader.obj
         Release\textfile.obj
         libraries\glew\glew32.lib
         libraries\glew\glew32s.lib
         src\soil\SOIL.lib
         Generating code
         Finished generating code
         ImageProcessing.vcxproj -> D:\development\c\projects\OpenGL\ImageProcessing\ImageProcessing\Release\ImageProcessing.exe
       Manifest:
         C:\Program Files (x86)\Microsoft SDKs\Windows\v7.0A\bin\mt.exe /nologo /verbose /outputresource:"D:\development\c\projects\OpenGL\ImageProcessing\ImageProcessing\Release\ImageProcessing.exe;#1" /manifest Release\ImageProcessing.exe.intermediate.manifest
       FinalizeBuildStatus:
         Deleting file "Release\ImageProcessing.unsuccessfulbuild".
         Touching "Release\ImageProcessing.lastbuildstate".
     1>Done Building Project "D:\development\c\projects\OpenGL\ImageProcessing\ImageProcessing\ImageProcessing.vcxproj" (build target(s)).

Build succeeded.

Time Elapsed 00:00:01.01
